2020-09-18 16:09:47:INFO:[32mSearchEngine[0m:[sheduller.py:<module>: 17]:Начало обновления
2020-09-18 16:09:47:INFO:[32mSearchEngine[0m:[sheduller.py:<module>: 19]:Выгрузка данных
2020-09-18 16:10:25:INFO:[32mSearchEngine[0m:[sheduller.py:<module>: 24]:Обновление индекса движка
2020-09-18 16:10:25:INFO:[32mSearchEngine[0m:[EasySearchEngine.py:update_index: 32]:cleaning text
2020-09-18 16:11:46:INFO:[32mSearchEngine[0m:[EasySearchEngine.py:update_index: 37]:done
2020-09-18 16:11:46:INFO:[32mSearchEngine[0m:[EasySearchEngine.py:update_index: 39]:indexing
2020-09-18 16:21:29:INFO:[32mSearchEngine[0m:[sheduller.py:<module>: 17]:Начало обновления
2020-09-18 16:21:29:INFO:[32mSearchEngine[0m:[sheduller.py:<module>: 19]:Выгрузка данных
2020-09-18 16:22:46:INFO:[32mSearchEngine[0m:[sheduller.py:<module>: 24]:Обновление индекса движка
2020-09-18 16:22:46:INFO:[32mSearchEngine[0m:[EasySearchEngine.py:update_index: 32]:cleaning text
2020-09-18 16:24:01:INFO:[32mSearchEngine[0m:[EasySearchEngine.py:update_index: 37]:done
2020-09-18 16:24:01:INFO:[32mSearchEngine[0m:[EasySearchEngine.py:update_index: 39]:indexing
2020-09-18 17:07:15:INFO:[32mSearchEngine[0m:[sheduller.py:<module>: 17]:Начало обновления
2020-09-18 17:07:15:INFO:[32mSearchEngine[0m:[sheduller.py:<module>: 19]:Выгрузка данных
2020-09-20 19:05:17:INFO:[32mSearchEngine[0m:[sheduller.py:<module>: 17]:Начало обновления
2020-09-20 19:05:17:INFO:[32mSearchEngine[0m:[sheduller.py:<module>: 19]:Выгрузка данных
2020-09-20 19:06:50:INFO:[32mSearchEngine[0m:[sheduller.py:<module>: 24]:Обновление индекса движка
2020-09-20 19:06:50:INFO:[32mSearchEngine[0m:[EasySearchEngine.py:update_index: 32]:cleaning text
2020-09-20 19:08:04:INFO:[32mSearchEngine[0m:[EasySearchEngine.py:update_index: 37]:done
2020-09-20 19:08:04:INFO:[32mSearchEngine[0m:[EasySearchEngine.py:update_index: 39]:indexing
2020-09-20 19:10:40:INFO:[32mSearchEngine[0m:[sheduller.py:<module>: 17]:Начало обновления
2020-09-20 19:10:40:INFO:[32mSearchEngine[0m:[sheduller.py:<module>: 19]:Выгрузка данных
2020-09-20 19:12:11:INFO:[32mSearchEngine[0m:[sheduller.py:<module>: 24]:Обновление индекса движка
2020-09-20 19:12:11:INFO:[32mSearchEngine[0m:[EasySearchEngine.py:update_index: 32]:cleaning text
2020-09-20 19:13:23:INFO:[32mSearchEngine[0m:[EasySearchEngine.py:update_index: 37]:done
2020-09-20 19:13:23:INFO:[32mSearchEngine[0m:[EasySearchEngine.py:update_index: 39]:indexing
2020-09-20 19:15:08:INFO:[32mSearchEngine[0m:[EasySearchEngine.py:update_index: 52]:done
2020-09-20 19:15:08:INFO:[32mSearchEngine[0m:[EasySearchEngine.py:update_index: 54]:dump structure
2020-09-21 10:12:00:INFO:[32mengine[0m:[engine.py:post: 34]:Message
2020-09-21 10:13:25:INFO:[32mengine[0m:[engine.py:post: 34]:Message
2020-09-21 10:18:39:INFO:[32mengine[0m:[engine.py:post: 34]:Message
2020-09-21 10:19:34:INFO:[32mengine[0m:[engine.py:post: 34]:Message
2020-09-21 10:19:34:DEBUG:[32mengine[0m:[engine.py:post: 35]:Message
2020-09-21 10:20:19:INFO:[32mengine[0m:[engine.py:post: 34]:Message
2020-09-21 10:20:19:DEBUG:[32mengine[0m:[engine.py:post: 35]:Sample dict log: {'name': 'John', 'age': 10}
2020-09-21 10:21:07:INFO:[32mengine[0m:[engine.py:post: 34]:Message: {'update_id': 243475549, 'message': {'message_id': 9450, 'from': {'id': 4343, 'is_bot': False, 'first_name': 'Kirill', 'username': 'kkkkk_kkk_kkkkk', 'language_code': 'ru'}, 'chat': {'id': 4343, 'first_name': 'Kirill', 'username': 'kkkkk_kkk_kkkkk', 'type': 'private'}, 'date': 1589404439, 'text': 'python'}}
2020-09-21 11:04:26:INFO:[32mengine[0m:[engine.py:post: 34]:Message: {'update_id': 632560263, 'message': {'message_id': 505, 'from': {'id': 710828013, 'is_bot': False, 'first_name': 'Серега', 'language_code': 'ru'}, 'chat': {'id': 710828013, 'first_name': 'Серега', 'type': 'private'}, 'date': 1600629554, 'text': 'Привет'}}
2020-09-21 11:19:16:INFO:[32mengine[0m:[engine.py:post: 33]:Message: {'update_id': 632560263, 'message': {'message_id': 505, 'from': {'id': 710828013, 'is_bot': False, 'first_name': 'Серега', 'language_code': 'ru'}, 'chat': {'id': 710828013, 'first_name': 'Серега', 'type': 'private'}, 'date': 1600629554, 'text': 'Привет'}}
2020-09-21 11:27:08:INFO:[32mengine[0m:[engine.py:post: 33]:Message: {'update_id': 632560263, 'message': {'message_id': 505, 'from': {'id': 710828013, 'is_bot': False, 'first_name': 'Серега', 'language_code': 'ru'}, 'chat': {'id': 710828013, 'first_name': 'Серега', 'type': 'private'}, 'date': 1600629554, 'text': 'Привет'}}
2020-09-21 11:27:20:INFO:[32mengine[0m:[engine.py:post: 33]:Message: {'update_id': 632560263, 'message': {'message_id': 505, 'from': {'id': 710828013, 'is_bot': False, 'first_name': 'Серега', 'language_code': 'ru'}, 'chat': {'id': 710828013, 'first_name': 'Серега', 'type': 'private'}, 'date': 1600629554, 'text': 'python'}}
2020-09-21 11:27:28:INFO:[32mengine[0m:[engine.py:post: 33]:Message: {'update_id': 632560263, 'message': {'message_id': 505, 'from': {'id': 710828013, 'is_bot': False, 'first_name': 'Серега', 'language_code': 'ru'}, 'chat': {'id': 710828013, 'first_name': 'Серега', 'type': 'private'}, 'date': 1600629554, 'text': 'да'}}
2020-09-21 11:27:31:INFO:[32mengine[0m:[engine.py:post: 33]:Message: {'update_id': 632560263, 'message': {'message_id': 505, 'from': {'id': 710828013, 'is_bot': False, 'first_name': 'Серега', 'language_code': 'ru'}, 'chat': {'id': 710828013, 'first_name': 'Серега', 'type': 'private'}, 'date': 1600629554, 'text': 'да'}}
2020-09-21 11:27:54:INFO:[32mengine[0m:[engine.py:post: 33]:Message: {'update_id': 632560263, 'message': {'message_id': 505, 'from': {'id': 710828013, 'is_bot': False, 'first_name': 'Серега', 'language_code': 'ru'}, 'chat': {'id': 710828013, 'first_name': 'Серега', 'type': 'private'}, 'date': 1600629554, 'text': 'да'}}
2020-09-21 11:28:07:INFO:[32mengine[0m:[engine.py:post: 33]:Message: {'update_id': 632560263, 'message': {'message_id': 505, 'from': {'id': 710828013, 'is_bot': False, 'first_name': 'Серега', 'language_code': 'ru'}, 'chat': {'id': 710828013, 'first_name': 'Серега', 'type': 'private'}, 'date': 1600629554, 'text': 'Python'}}
2020-09-21 11:28:11:INFO:[32mengine[0m:[engine.py:post: 33]:Message: {'update_id': 632560263, 'message': {'message_id': 505, 'from': {'id': 710828013, 'is_bot': False, 'first_name': 'Серега', 'language_code': 'ru'}, 'chat': {'id': 710828013, 'first_name': 'Серега', 'type': 'private'}, 'date': 1600629554, 'text': 'Python'}}
2020-09-21 11:30:23:INFO:[32mengine[0m:[engine.py:post: 33]:Message: {'update_id': 632560263, 'message': {'message_id': 505, 'from': {'id': 710828013, 'is_bot': False, 'first_name': 'Серега', 'language_code': 'ru'}, 'chat': {'id': 710828013, 'first_name': 'Серега', 'type': 'private'}, 'date': 1600629554, 'text': 'Python'}}
2020-09-21 11:30:27:INFO:[32mengine[0m:[engine.py:post: 33]:Message: {'update_id': 632560263, 'message': {'message_id': 505, 'from': {'id': 710828013, 'is_bot': False, 'first_name': 'Серега', 'language_code': 'ru'}, 'chat': {'id': 710828013, 'first_name': 'Серега', 'type': 'private'}, 'date': 1600629554, 'text': 'Python'}}
2020-09-21 11:30:32:INFO:[32mengine[0m:[engine.py:post: 33]:Message: {'update_id': 632560263, 'message': {'message_id': 505, 'from': {'id': 710828013, 'is_bot': False, 'first_name': 'Серега', 'language_code': 'ru'}, 'chat': {'id': 710828013, 'first_name': 'Серега', 'type': 'private'}, 'date': 1600629554, 'text': 'Python'}}
2020-09-21 11:30:35:INFO:[32mengine[0m:[engine.py:post: 33]:Message: {'update_id': 632560263, 'message': {'message_id': 505, 'from': {'id': 710828013, 'is_bot': False, 'first_name': 'Серега', 'language_code': 'ru'}, 'chat': {'id': 710828013, 'first_name': 'Серега', 'type': 'private'}, 'date': 1600629554, 'text': 'Python'}}
2020-09-21 11:30:37:INFO:[32mengine[0m:[engine.py:post: 33]:Message: {'update_id': 632560263, 'message': {'message_id': 505, 'from': {'id': 710828013, 'is_bot': False, 'first_name': 'Серега', 'language_code': 'ru'}, 'chat': {'id': 710828013, 'first_name': 'Серега', 'type': 'private'}, 'date': 1600629554, 'text': 'Python'}}
2020-09-21 11:30:41:INFO:[32mengine[0m:[engine.py:post: 33]:Message: {'update_id': 632560263, 'message': {'message_id': 505, 'from': {'id': 710828013, 'is_bot': False, 'first_name': 'Серега', 'language_code': 'ru'}, 'chat': {'id': 710828013, 'first_name': 'Серега', 'type': 'private'}, 'date': 1600629554, 'text': 'Python'}}
2020-09-21 11:30:43:INFO:[32mengine[0m:[engine.py:post: 33]:Message: {'update_id': 632560263, 'message': {'message_id': 505, 'from': {'id': 710828013, 'is_bot': False, 'first_name': 'Серега', 'language_code': 'ru'}, 'chat': {'id': 710828013, 'first_name': 'Серега', 'type': 'private'}, 'date': 1600629554, 'text': 'Python'}}
2020-09-21 11:30:53:INFO:[32mengine[0m:[engine.py:post: 33]:Message: {'update_id': 632560263, 'message': {'message_id': 505, 'from': {'id': 710828013, 'is_bot': False, 'first_name': 'Серега', 'language_code': 'ru'}, 'chat': {'id': 710828013, 'first_name': 'Серега', 'type': 'private'}, 'date': 1600629554, 'text': 'Нет'}}
2020-09-21 11:30:58:INFO:[32mengine[0m:[engine.py:post: 33]:Message: {'update_id': 632560263, 'message': {'message_id': 505, 'from': {'id': 710828013, 'is_bot': False, 'first_name': 'Серега', 'language_code': 'ru'}, 'chat': {'id': 710828013, 'first_name': 'Серега', 'type': 'private'}, 'date': 1600629554, 'text': 'Нет'}}
2020-09-21 11:31:06:INFO:[32mengine[0m:[engine.py:post: 33]:Message: {'update_id': 632560263, 'message': {'message_id': 505, 'from': {'id': 710828013, 'is_bot': False, 'first_name': 'Серега', 'language_code': 'ru'}, 'chat': {'id': 710828013, 'first_name': 'Серега', 'type': 'private'}, 'date': 1600629554, 'text': 'python'}}
2020-09-21 11:31:07:INFO:[32mengine[0m:[engine.py:post: 33]:Message: {'update_id': 632560263, 'message': {'message_id': 505, 'from': {'id': 710828013, 'is_bot': False, 'first_name': 'Серега', 'language_code': 'ru'}, 'chat': {'id': 710828013, 'first_name': 'Серега', 'type': 'private'}, 'date': 1600629554, 'text': 'python'}}
2020-09-21 11:31:10:INFO:[32mengine[0m:[engine.py:post: 33]:Message: {'update_id': 632560263, 'message': {'message_id': 505, 'from': {'id': 710828013, 'is_bot': False, 'first_name': 'Серега', 'language_code': 'ru'}, 'chat': {'id': 710828013, 'first_name': 'Серега', 'type': 'private'}, 'date': 1600629554, 'text': 'python'}}
2020-09-21 11:31:11:INFO:[32mengine[0m:[engine.py:post: 33]:Message: {'update_id': 632560263, 'message': {'message_id': 505, 'from': {'id': 710828013, 'is_bot': False, 'first_name': 'Серега', 'language_code': 'ru'}, 'chat': {'id': 710828013, 'first_name': 'Серега', 'type': 'private'}, 'date': 1600629554, 'text': 'python'}}
2020-09-21 11:31:12:INFO:[32mengine[0m:[engine.py:post: 33]:Message: {'update_id': 632560263, 'message': {'message_id': 505, 'from': {'id': 710828013, 'is_bot': False, 'first_name': 'Серега', 'language_code': 'ru'}, 'chat': {'id': 710828013, 'first_name': 'Серега', 'type': 'private'}, 'date': 1600629554, 'text': 'python'}}
2020-09-21 11:31:13:INFO:[32mengine[0m:[engine.py:post: 33]:Message: {'update_id': 632560263, 'message': {'message_id': 505, 'from': {'id': 710828013, 'is_bot': False, 'first_name': 'Серега', 'language_code': 'ru'}, 'chat': {'id': 710828013, 'first_name': 'Серега', 'type': 'private'}, 'date': 1600629554, 'text': 'python'}}
2020-09-21 11:31:15:INFO:[32mengine[0m:[engine.py:post: 33]:Message: {'update_id': 632560263, 'message': {'message_id': 505, 'from': {'id': 710828013, 'is_bot': False, 'first_name': 'Серега', 'language_code': 'ru'}, 'chat': {'id': 710828013, 'first_name': 'Серега', 'type': 'private'}, 'date': 1600629554, 'text': 'python'}}
2020-09-21 11:31:16:INFO:[32mengine[0m:[engine.py:post: 33]:Message: {'update_id': 632560263, 'message': {'message_id': 505, 'from': {'id': 710828013, 'is_bot': False, 'first_name': 'Серега', 'language_code': 'ru'}, 'chat': {'id': 710828013, 'first_name': 'Серега', 'type': 'private'}, 'date': 1600629554, 'text': 'python'}}
2020-09-21 11:31:17:INFO:[32mengine[0m:[engine.py:post: 33]:Message: {'update_id': 632560263, 'message': {'message_id': 505, 'from': {'id': 710828013, 'is_bot': False, 'first_name': 'Серега', 'language_code': 'ru'}, 'chat': {'id': 710828013, 'first_name': 'Серега', 'type': 'private'}, 'date': 1600629554, 'text': 'python'}}
2020-09-21 11:31:19:INFO:[32mengine[0m:[engine.py:post: 33]:Message: {'update_id': 632560263, 'message': {'message_id': 505, 'from': {'id': 710828013, 'is_bot': False, 'first_name': 'Серега', 'language_code': 'ru'}, 'chat': {'id': 710828013, 'first_name': 'Серега', 'type': 'private'}, 'date': 1600629554, 'text': 'python'}}
2020-09-21 11:31:20:INFO:[32mengine[0m:[engine.py:post: 33]:Message: {'update_id': 632560263, 'message': {'message_id': 505, 'from': {'id': 710828013, 'is_bot': False, 'first_name': 'Серега', 'language_code': 'ru'}, 'chat': {'id': 710828013, 'first_name': 'Серега', 'type': 'private'}, 'date': 1600629554, 'text': 'python'}}
2020-09-21 11:31:31:INFO:[32mengine[0m:[engine.py:post: 33]:Message: {'update_id': 632560263, 'message': {'message_id': 505, 'from': {'id': 710828013, 'is_bot': False, 'first_name': 'Серега', 'language_code': 'ru'}, 'chat': {'id': 710828013, 'first_name': 'Серега', 'type': 'private'}, 'date': 1600629554, 'text': 'python'}}
2020-09-21 11:31:33:INFO:[32mengine[0m:[engine.py:post: 33]:Message: {'update_id': 632560263, 'message': {'message_id': 505, 'from': {'id': 710828013, 'is_bot': False, 'first_name': 'Серега', 'language_code': 'ru'}, 'chat': {'id': 710828013, 'first_name': 'Серега', 'type': 'private'}, 'date': 1600629554, 'text': 'python'}}
2020-09-21 11:31:34:INFO:[32mengine[0m:[engine.py:post: 33]:Message: {'update_id': 632560263, 'message': {'message_id': 505, 'from': {'id': 710828013, 'is_bot': False, 'first_name': 'Серега', 'language_code': 'ru'}, 'chat': {'id': 710828013, 'first_name': 'Серега', 'type': 'private'}, 'date': 1600629554, 'text': 'python'}}
2020-09-21 11:31:35:INFO:[32mengine[0m:[engine.py:post: 33]:Message: {'update_id': 632560263, 'message': {'message_id': 505, 'from': {'id': 710828013, 'is_bot': False, 'first_name': 'Серега', 'language_code': 'ru'}, 'chat': {'id': 710828013, 'first_name': 'Серега', 'type': 'private'}, 'date': 1600629554, 'text': 'python'}}
2020-09-21 11:31:37:INFO:[32mengine[0m:[engine.py:post: 33]:Message: {'update_id': 632560263, 'message': {'message_id': 505, 'from': {'id': 710828013, 'is_bot': False, 'first_name': 'Серега', 'language_code': 'ru'}, 'chat': {'id': 710828013, 'first_name': 'Серега', 'type': 'private'}, 'date': 1600629554, 'text': 'python'}}
2020-09-21 11:31:38:INFO:[32mengine[0m:[engine.py:post: 33]:Message: {'update_id': 632560263, 'message': {'message_id': 505, 'from': {'id': 710828013, 'is_bot': False, 'first_name': 'Серега', 'language_code': 'ru'}, 'chat': {'id': 710828013, 'first_name': 'Серега', 'type': 'private'}, 'date': 1600629554, 'text': 'python'}}
2020-09-21 11:31:40:INFO:[32mengine[0m:[engine.py:post: 33]:Message: {'update_id': 632560263, 'message': {'message_id': 505, 'from': {'id': 710828013, 'is_bot': False, 'first_name': 'Серега', 'language_code': 'ru'}, 'chat': {'id': 710828013, 'first_name': 'Серега', 'type': 'private'}, 'date': 1600629554, 'text': 'python'}}
2020-09-21 11:31:41:INFO:[32mengine[0m:[engine.py:post: 33]:Message: {'update_id': 632560263, 'message': {'message_id': 505, 'from': {'id': 710828013, 'is_bot': False, 'first_name': 'Серега', 'language_code': 'ru'}, 'chat': {'id': 710828013, 'first_name': 'Серега', 'type': 'private'}, 'date': 1600629554, 'text': 'python'}}
2020-09-21 11:32:44:INFO:[32mengine[0m:[engine.py:post: 33]:Message: {'update_id': 632560263, 'message': {'message_id': 505, 'from': {'id': 710828013, 'is_bot': False, 'first_name': 'Серега', 'language_code': 'ru'}, 'chat': {'id': 710828013, 'first_name': 'Серега', 'type': 'private'}, 'date': 1600629554, 'text': 'python'}}
2020-09-21 11:32:51:INFO:[32mengine[0m:[engine.py:post: 33]:Message: {'update_id': 632560263, 'message': {'message_id': 505, 'from': {'id': 710828013, 'is_bot': False, 'first_name': 'Серега', 'language_code': 'ru'}, 'chat': {'id': 710828013, 'first_name': 'Серега', 'type': 'private'}, 'date': 1600629554, 'text': 'python'}}
2020-09-21 11:32:53:INFO:[32mengine[0m:[engine.py:post: 33]:Message: {'update_id': 632560263, 'message': {'message_id': 505, 'from': {'id': 710828013, 'is_bot': False, 'first_name': 'Серега', 'language_code': 'ru'}, 'chat': {'id': 710828013, 'first_name': 'Серега', 'type': 'private'}, 'date': 1600629554, 'text': 'python'}}
2020-09-21 11:32:54:INFO:[32mengine[0m:[engine.py:post: 33]:Message: {'update_id': 632560263, 'message': {'message_id': 505, 'from': {'id': 710828013, 'is_bot': False, 'first_name': 'Серега', 'language_code': 'ru'}, 'chat': {'id': 710828013, 'first_name': 'Серега', 'type': 'private'}, 'date': 1600629554, 'text': 'python'}}
2020-09-21 11:32:56:INFO:[32mengine[0m:[engine.py:post: 33]:Message: {'update_id': 632560263, 'message': {'message_id': 505, 'from': {'id': 710828013, 'is_bot': False, 'first_name': 'Серега', 'language_code': 'ru'}, 'chat': {'id': 710828013, 'first_name': 'Серега', 'type': 'private'}, 'date': 1600629554, 'text': 'python'}}
2020-09-21 11:32:57:INFO:[32mengine[0m:[engine.py:post: 33]:Message: {'update_id': 632560263, 'message': {'message_id': 505, 'from': {'id': 710828013, 'is_bot': False, 'first_name': 'Серега', 'language_code': 'ru'}, 'chat': {'id': 710828013, 'first_name': 'Серега', 'type': 'private'}, 'date': 1600629554, 'text': 'python'}}
2020-09-21 11:32:58:INFO:[32mengine[0m:[engine.py:post: 33]:Message: {'update_id': 632560263, 'message': {'message_id': 505, 'from': {'id': 710828013, 'is_bot': False, 'first_name': 'Серега', 'language_code': 'ru'}, 'chat': {'id': 710828013, 'first_name': 'Серега', 'type': 'private'}, 'date': 1600629554, 'text': 'python'}}
2020-09-21 11:32:59:INFO:[32mengine[0m:[engine.py:post: 33]:Message: {'update_id': 632560263, 'message': {'message_id': 505, 'from': {'id': 710828013, 'is_bot': False, 'first_name': 'Серега', 'language_code': 'ru'}, 'chat': {'id': 710828013, 'first_name': 'Серега', 'type': 'private'}, 'date': 1600629554, 'text': 'python'}}
2020-09-21 11:33:33:INFO:[32mengine[0m:[engine.py:post: 33]:Message: {'update_id': 632560263, 'message': {'message_id': 505, 'from': {'id': 710828013, 'is_bot': False, 'first_name': 'Серега', 'language_code': 'ru'}, 'chat': {'id': 710828013, 'first_name': 'Серега', 'type': 'private'}, 'date': 1600629554, 'text': 'python'}}
2020-09-21 11:33:37:INFO:[32mengine[0m:[engine.py:post: 33]:Message: {'update_id': 632560263, 'message': {'message_id': 505, 'from': {'id': 710828013, 'is_bot': False, 'first_name': 'Серега', 'language_code': 'ru'}, 'chat': {'id': 710828013, 'first_name': 'Серега', 'type': 'private'}, 'date': 1600629554, 'text': 'python'}}
2020-09-21 11:33:39:INFO:[32mengine[0m:[engine.py:post: 33]:Message: {'update_id': 632560263, 'message': {'message_id': 505, 'from': {'id': 710828013, 'is_bot': False, 'first_name': 'Серега', 'language_code': 'ru'}, 'chat': {'id': 710828013, 'first_name': 'Серега', 'type': 'private'}, 'date': 1600629554, 'text': 'python'}}
2020-09-21 11:33:41:INFO:[32mengine[0m:[engine.py:post: 33]:Message: {'update_id': 632560263, 'message': {'message_id': 505, 'from': {'id': 710828013, 'is_bot': False, 'first_name': 'Серега', 'language_code': 'ru'}, 'chat': {'id': 710828013, 'first_name': 'Серега', 'type': 'private'}, 'date': 1600629554, 'text': 'python'}}
2020-09-21 11:33:42:INFO:[32mengine[0m:[engine.py:post: 33]:Message: {'update_id': 632560263, 'message': {'message_id': 505, 'from': {'id': 710828013, 'is_bot': False, 'first_name': 'Серега', 'language_code': 'ru'}, 'chat': {'id': 710828013, 'first_name': 'Серега', 'type': 'private'}, 'date': 1600629554, 'text': 'python'}}
2020-09-21 11:33:43:INFO:[32mengine[0m:[engine.py:post: 33]:Message: {'update_id': 632560263, 'message': {'message_id': 505, 'from': {'id': 710828013, 'is_bot': False, 'first_name': 'Серега', 'language_code': 'ru'}, 'chat': {'id': 710828013, 'first_name': 'Серега', 'type': 'private'}, 'date': 1600629554, 'text': 'python'}}
2020-09-21 11:33:44:INFO:[32mengine[0m:[engine.py:post: 33]:Message: {'update_id': 632560263, 'message': {'message_id': 505, 'from': {'id': 710828013, 'is_bot': False, 'first_name': 'Серега', 'language_code': 'ru'}, 'chat': {'id': 710828013, 'first_name': 'Серега', 'type': 'private'}, 'date': 1600629554, 'text': 'python'}}
2020-09-21 11:33:46:INFO:[32mengine[0m:[engine.py:post: 33]:Message: {'update_id': 632560263, 'message': {'message_id': 505, 'from': {'id': 710828013, 'is_bot': False, 'first_name': 'Серега', 'language_code': 'ru'}, 'chat': {'id': 710828013, 'first_name': 'Серега', 'type': 'private'}, 'date': 1600629554, 'text': 'python'}}
2020-09-21 11:33:47:INFO:[32mengine[0m:[engine.py:post: 33]:Message: {'update_id': 632560263, 'message': {'message_id': 505, 'from': {'id': 710828013, 'is_bot': False, 'first_name': 'Серега', 'language_code': 'ru'}, 'chat': {'id': 710828013, 'first_name': 'Серега', 'type': 'private'}, 'date': 1600629554, 'text': 'python'}}
2020-09-21 11:33:48:INFO:[32mengine[0m:[engine.py:post: 33]:Message: {'update_id': 632560263, 'message': {'message_id': 505, 'from': {'id': 710828013, 'is_bot': False, 'first_name': 'Серега', 'language_code': 'ru'}, 'chat': {'id': 710828013, 'first_name': 'Серега', 'type': 'private'}, 'date': 1600629554, 'text': 'python'}}
2020-09-21 11:33:50:INFO:[32mengine[0m:[engine.py:post: 33]:Message: {'update_id': 632560263, 'message': {'message_id': 505, 'from': {'id': 710828013, 'is_bot': False, 'first_name': 'Серега', 'language_code': 'ru'}, 'chat': {'id': 710828013, 'first_name': 'Серега', 'type': 'private'}, 'date': 1600629554, 'text': 'python'}}
2020-09-21 11:34:24:INFO:[32mengine[0m:[engine.py:post: 33]:Message: {'update_id': 632560263, 'message': {'message_id': 505, 'from': {'id': 710828013, 'is_bot': False, 'first_name': 'Серега', 'language_code': 'ru'}, 'chat': {'id': 710828013, 'first_name': 'Серега', 'type': 'private'}, 'date': 1600629554, 'text': 'python'}}
2020-09-21 11:34:27:INFO:[32mengine[0m:[engine.py:post: 33]:Message: {'update_id': 632560263, 'message': {'message_id': 505, 'from': {'id': 710828013, 'is_bot': False, 'first_name': 'Серега', 'language_code': 'ru'}, 'chat': {'id': 710828013, 'first_name': 'Серега', 'type': 'private'}, 'date': 1600629554, 'text': 'python'}}
2020-09-21 11:34:30:INFO:[32mengine[0m:[engine.py:post: 33]:Message: {'update_id': 632560263, 'message': {'message_id': 505, 'from': {'id': 710828013, 'is_bot': False, 'first_name': 'Серега', 'language_code': 'ru'}, 'chat': {'id': 710828013, 'first_name': 'Серега', 'type': 'private'}, 'date': 1600629554, 'text': 'python'}}
2020-09-21 11:34:31:INFO:[32mengine[0m:[engine.py:post: 33]:Message: {'update_id': 632560263, 'message': {'message_id': 505, 'from': {'id': 710828013, 'is_bot': False, 'first_name': 'Серега', 'language_code': 'ru'}, 'chat': {'id': 710828013, 'first_name': 'Серега', 'type': 'private'}, 'date': 1600629554, 'text': 'python'}}
2020-09-21 11:34:33:INFO:[32mengine[0m:[engine.py:post: 33]:Message: {'update_id': 632560263, 'message': {'message_id': 505, 'from': {'id': 710828013, 'is_bot': False, 'first_name': 'Серега', 'language_code': 'ru'}, 'chat': {'id': 710828013, 'first_name': 'Серега', 'type': 'private'}, 'date': 1600629554, 'text': 'python'}}
2020-09-21 11:34:34:INFO:[32mengine[0m:[engine.py:post: 33]:Message: {'update_id': 632560263, 'message': {'message_id': 505, 'from': {'id': 710828013, 'is_bot': False, 'first_name': 'Серега', 'language_code': 'ru'}, 'chat': {'id': 710828013, 'first_name': 'Серега', 'type': 'private'}, 'date': 1600629554, 'text': 'python'}}
2020-09-21 11:34:35:INFO:[32mengine[0m:[engine.py:post: 33]:Message: {'update_id': 632560263, 'message': {'message_id': 505, 'from': {'id': 710828013, 'is_bot': False, 'first_name': 'Серега', 'language_code': 'ru'}, 'chat': {'id': 710828013, 'first_name': 'Серега', 'type': 'private'}, 'date': 1600629554, 'text': 'python'}}
2020-09-21 11:34:36:INFO:[32mengine[0m:[engine.py:post: 33]:Message: {'update_id': 632560263, 'message': {'message_id': 505, 'from': {'id': 710828013, 'is_bot': False, 'first_name': 'Серега', 'language_code': 'ru'}, 'chat': {'id': 710828013, 'first_name': 'Серега', 'type': 'private'}, 'date': 1600629554, 'text': 'python'}}
2020-09-21 11:34:38:INFO:[32mengine[0m:[engine.py:post: 33]:Message: {'update_id': 632560263, 'message': {'message_id': 505, 'from': {'id': 710828013, 'is_bot': False, 'first_name': 'Серега', 'language_code': 'ru'}, 'chat': {'id': 710828013, 'first_name': 'Серега', 'type': 'private'}, 'date': 1600629554, 'text': 'python'}}
2020-09-21 11:34:39:INFO:[32mengine[0m:[engine.py:post: 33]:Message: {'update_id': 632560263, 'message': {'message_id': 505, 'from': {'id': 710828013, 'is_bot': False, 'first_name': 'Серега', 'language_code': 'ru'}, 'chat': {'id': 710828013, 'first_name': 'Серега', 'type': 'private'}, 'date': 1600629554, 'text': 'python'}}
2020-09-21 11:34:40:INFO:[32mengine[0m:[engine.py:post: 33]:Message: {'update_id': 632560263, 'message': {'message_id': 505, 'from': {'id': 710828013, 'is_bot': False, 'first_name': 'Серега', 'language_code': 'ru'}, 'chat': {'id': 710828013, 'first_name': 'Серега', 'type': 'private'}, 'date': 1600629554, 'text': 'python'}}
2020-09-21 11:34:42:INFO:[32mengine[0m:[engine.py:post: 33]:Message: {'update_id': 632560263, 'message': {'message_id': 505, 'from': {'id': 710828013, 'is_bot': False, 'first_name': 'Серега', 'language_code': 'ru'}, 'chat': {'id': 710828013, 'first_name': 'Серега', 'type': 'private'}, 'date': 1600629554, 'text': 'python'}}
2020-09-21 11:34:47:INFO:[32mengine[0m:[engine.py:post: 33]:Message: {'update_id': 632560263, 'message': {'message_id': 505, 'from': {'id': 710828013, 'is_bot': False, 'first_name': 'Серега', 'language_code': 'ru'}, 'chat': {'id': 710828013, 'first_name': 'Серега', 'type': 'private'}, 'date': 1600629554, 'text': 'Нет'}}
2020-09-21 11:34:51:INFO:[32mengine[0m:[engine.py:post: 33]:Message: {'update_id': 632560263, 'message': {'message_id': 505, 'from': {'id': 710828013, 'is_bot': False, 'first_name': 'Серега', 'language_code': 'ru'}, 'chat': {'id': 710828013, 'first_name': 'Серега', 'type': 'private'}, 'date': 1600629554, 'text': 'Нет'}}
2020-09-21 11:35:04:INFO:[32mengine[0m:[engine.py:post: 33]:Message: {'update_id': 632560263, 'message': {'message_id': 505, 'from': {'id': 710828013, 'is_bot': False, 'first_name': 'Серега', 'language_code': 'ru'}, 'chat': {'id': 710828013, 'first_name': 'Серега', 'type': 'private'}, 'date': 1600629554, 'text': 'Python'}}
2020-09-21 11:35:05:INFO:[32mengine[0m:[engine.py:post: 33]:Message: {'update_id': 632560263, 'message': {'message_id': 505, 'from': {'id': 710828013, 'is_bot': False, 'first_name': 'Серега', 'language_code': 'ru'}, 'chat': {'id': 710828013, 'first_name': 'Серега', 'type': 'private'}, 'date': 1600629554, 'text': 'Python'}}
2020-09-21 11:35:07:INFO:[32mengine[0m:[engine.py:post: 33]:Message: {'update_id': 632560263, 'message': {'message_id': 505, 'from': {'id': 710828013, 'is_bot': False, 'first_name': 'Серега', 'language_code': 'ru'}, 'chat': {'id': 710828013, 'first_name': 'Серега', 'type': 'private'}, 'date': 1600629554, 'text': 'Python'}}
2020-09-21 11:35:08:INFO:[32mengine[0m:[engine.py:post: 33]:Message: {'update_id': 632560263, 'message': {'message_id': 505, 'from': {'id': 710828013, 'is_bot': False, 'first_name': 'Серега', 'language_code': 'ru'}, 'chat': {'id': 710828013, 'first_name': 'Серега', 'type': 'private'}, 'date': 1600629554, 'text': 'Python'}}
2020-09-21 11:35:09:INFO:[32mengine[0m:[engine.py:post: 33]:Message: {'update_id': 632560263, 'message': {'message_id': 505, 'from': {'id': 710828013, 'is_bot': False, 'first_name': 'Серега', 'language_code': 'ru'}, 'chat': {'id': 710828013, 'first_name': 'Серега', 'type': 'private'}, 'date': 1600629554, 'text': 'Python'}}
2020-09-21 11:35:10:INFO:[32mengine[0m:[engine.py:post: 33]:Message: {'update_id': 632560263, 'message': {'message_id': 505, 'from': {'id': 710828013, 'is_bot': False, 'first_name': 'Серега', 'language_code': 'ru'}, 'chat': {'id': 710828013, 'first_name': 'Серега', 'type': 'private'}, 'date': 1600629554, 'text': 'Python'}}
2020-09-21 11:35:11:INFO:[32mengine[0m:[engine.py:post: 33]:Message: {'update_id': 632560263, 'message': {'message_id': 505, 'from': {'id': 710828013, 'is_bot': False, 'first_name': 'Серега', 'language_code': 'ru'}, 'chat': {'id': 710828013, 'first_name': 'Серега', 'type': 'private'}, 'date': 1600629554, 'text': 'Python'}}
2020-09-21 11:35:12:INFO:[32mengine[0m:[engine.py:post: 33]:Message: {'update_id': 632560263, 'message': {'message_id': 505, 'from': {'id': 710828013, 'is_bot': False, 'first_name': 'Серега', 'language_code': 'ru'}, 'chat': {'id': 710828013, 'first_name': 'Серега', 'type': 'private'}, 'date': 1600629554, 'text': 'Python'}}
2020-09-21 11:35:13:INFO:[32mengine[0m:[engine.py:post: 33]:Message: {'update_id': 632560263, 'message': {'message_id': 505, 'from': {'id': 710828013, 'is_bot': False, 'first_name': 'Серега', 'language_code': 'ru'}, 'chat': {'id': 710828013, 'first_name': 'Серега', 'type': 'private'}, 'date': 1600629554, 'text': 'Python'}}
2020-09-21 11:35:15:INFO:[32mengine[0m:[engine.py:post: 33]:Message: {'update_id': 632560263, 'message': {'message_id': 505, 'from': {'id': 710828013, 'is_bot': False, 'first_name': 'Серега', 'language_code': 'ru'}, 'chat': {'id': 710828013, 'first_name': 'Серега', 'type': 'private'}, 'date': 1600629554, 'text': 'Python'}}
2020-09-21 11:36:02:INFO:[32mengine[0m:[engine.py:post: 33]:Message: {'update_id': 243475549, 'message': {'message_id': 9450, 'from': {'id': 4343, 'is_bot': False, 'first_name': 'Kirill', 'username': 'kkkkk_kkk_kkkkk', 'language_code': 'ru'}, 'chat': {'id': 4343, 'first_name': 'Kirill', 'username': 'kkkkk_kkk_kkkkk', 'type': 'private'}, 'date': 1589404439, 'text': 'python'}}
2020-09-21 11:36:18:INFO:[32mengine[0m:[engine.py:post: 33]:Message: {'update_id': 243475549, 'message': {'message_id': 9450, 'from': {'id': 4343, 'is_bot': False, 'first_name': 'Kirill', 'username': 'kkkkk_kkk_kkkkk', 'language_code': 'ru'}, 'chat': {'id': 4343, 'first_name': 'Kirill', 'username': 'kkkkk_kkk_kkkkk', 'type': 'private'}, 'date': 1589404439, 'text': 'python'}}
2020-09-21 11:36:38:INFO:[32mengine[0m:[engine.py:post: 33]:Message: {'update_id': 243475549, 'message': {'message_id': 9450, 'from': {'id': 4343, 'is_bot': False, 'first_name': 'Kirill', 'username': 'kkkkk_kkk_kkkkk', 'language_code': 'ru'}, 'chat': {'id': 4343, 'first_name': 'Kirill', 'username': 'kkkkk_kkk_kkkkk', 'type': 'private'}, 'date': 1589404439, 'text': 'Привет'}}
2020-09-21 11:40:13:INFO:[32mengine[0m:[engine.py:post: 33]:Message: {'update_id': 632560263, 'message': {'message_id': 505, 'from': {'id': 710828013, 'is_bot': False, 'first_name': 'Серега', 'language_code': 'ru'}, 'chat': {'id': 710828013, 'first_name': 'Серега', 'type': 'private'}, 'date': 1600629554, 'text': 'Python'}}
2020-09-21 11:40:22:INFO:[32mengine[0m:[engine.py:post: 33]:Message: {'update_id': 632560263, 'message': {'message_id': 505, 'from': {'id': 710828013, 'is_bot': False, 'first_name': 'Серега', 'language_code': 'ru'}, 'chat': {'id': 710828013, 'first_name': 'Серега', 'type': 'private'}, 'date': 1600629554, 'text': 'Python'}}
2020-09-21 11:40:25:INFO:[32mengine[0m:[engine.py:post: 33]:Message: {'update_id': 632560263, 'message': {'message_id': 505, 'from': {'id': 710828013, 'is_bot': False, 'first_name': 'Серега', 'language_code': 'ru'}, 'chat': {'id': 710828013, 'first_name': 'Серега', 'type': 'private'}, 'date': 1600629554, 'text': 'Python'}}
2020-09-21 11:40:27:INFO:[32mengine[0m:[engine.py:post: 33]:Message: {'update_id': 632560263, 'message': {'message_id': 505, 'from': {'id': 710828013, 'is_bot': False, 'first_name': 'Серега', 'language_code': 'ru'}, 'chat': {'id': 710828013, 'first_name': 'Серега', 'type': 'private'}, 'date': 1600629554, 'text': 'Python'}}
2020-09-21 11:40:36:INFO:[32mengine[0m:[engine.py:post: 33]:Message: {'update_id': 243475549, 'message': {'message_id': 9450, 'from': {'id': 4343, 'is_bot': False, 'first_name': 'Kirill', 'username': 'kkkkk_kkk_kkkkk', 'language_code': 'ru'}, 'chat': {'id': 4343, 'first_name': 'Kirill', 'username': 'kkkkk_kkk_kkkkk', 'type': 'private'}, 'date': 1589404439, 'text': 'Привет'}}
2020-09-21 11:41:56:INFO:[32mengine[0m:[engine.py:post: 33]:Message: {'update_id': 632560263, 'message': {'message_id': 505, 'from': {'id': 710828013, 'is_bot': False, 'first_name': 'Серега', 'language_code': 'ru'}, 'chat': {'id': 710828013, 'first_name': 'Серега', 'type': 'private'}, 'date': 1600629554, 'text': 'Python'}}
2020-09-21 11:42:07:INFO:[32mengine[0m:[engine.py:post: 33]:Message: {'update_id': 632560263, 'message': {'message_id': 505, 'from': {'id': 710828013, 'is_bot': False, 'first_name': 'Серега', 'language_code': 'ru'}, 'chat': {'id': 710828013, 'first_name': 'Серега', 'type': 'private'}, 'date': 1600629554, 'text': 'Python'}}
2020-09-21 11:42:08:INFO:[32mengine[0m:[engine.py:post: 33]:Message: {'update_id': 632560263, 'message': {'message_id': 505, 'from': {'id': 710828013, 'is_bot': False, 'first_name': 'Серега', 'language_code': 'ru'}, 'chat': {'id': 710828013, 'first_name': 'Серега', 'type': 'private'}, 'date': 1600629554, 'text': 'Python'}}
2020-09-21 11:42:09:INFO:[32mengine[0m:[engine.py:post: 33]:Message: {'update_id': 632560263, 'message': {'message_id': 505, 'from': {'id': 710828013, 'is_bot': False, 'first_name': 'Серега', 'language_code': 'ru'}, 'chat': {'id': 710828013, 'first_name': 'Серега', 'type': 'private'}, 'date': 1600629554, 'text': 'Python'}}
2020-09-21 11:42:23:INFO:[32mengine[0m:[engine.py:post: 33]:Message: {'update_id': 243475549, 'message': {'message_id': 9450, 'from': {'id': 4343, 'is_bot': False, 'first_name': 'Kirill', 'username': 'kkkkk_kkk_kkkkk', 'language_code': 'ru'}, 'chat': {'id': 4343, 'first_name': 'Kirill', 'username': 'kkkkk_kkk_kkkkk', 'type': 'private'}, 'date': 1589404439, 'text': 'Привет'}}
2020-09-21 11:42:29:INFO:[32mengine[0m:[engine.py:post: 33]:Message: {'update_id': 243475549, 'message': {'message_id': 9450, 'from': {'id': 4343, 'is_bot': False, 'first_name': 'Kirill', 'username': 'kkkkk_kkk_kkkkk', 'language_code': 'ru'}, 'chat': {'id': 4343, 'first_name': 'Kirill', 'username': 'kkkkk_kkk_kkkkk', 'type': 'private'}, 'date': 1589404439, 'text': 'Привет'}}
2020-09-21 11:43:20:INFO:[32mengine[0m:[engine.py:post: 33]:Message: {'update_id': 243475549, 'message': {'message_id': 9450, 'from': {'id': 4343, 'is_bot': False, 'first_name': 'Kirill', 'username': 'kkkkk_kkk_kkkkk', 'language_code': 'ru'}, 'chat': {'id': 4343, 'first_name': 'Kirill', 'username': 'kkkkk_kkk_kkkkk', 'type': 'private'}, 'date': 1589404439, 'text': 'Привет'}}
2020-09-21 11:43:43:INFO:[32mengine[0m:[engine.py:post: 33]:Message: {'update_id': 243475549, 'message': {'message_id': 9450, 'from': {'id': 81432612, 'is_bot': False, 'first_name': 'Kirill', 'username': 'kkkkk_kkk_kkkkk', 'language_code': 'ru'}, 'chat': {'id': 81432612, 'first_name': 'Kirill', 'username': 'kkkkk_kkk_kkkkk', 'type': 'private'}, 'date': 1589404439, 'text': 'python'}}
2020-09-21 11:43:44:INFO:[32mengine[0m:[engine.py:post: 33]:Message: {'update_id': 243475549, 'message': {'message_id': 9450, 'from': {'id': 81432612, 'is_bot': False, 'first_name': 'Kirill', 'username': 'kkkkk_kkk_kkkkk', 'language_code': 'ru'}, 'chat': {'id': 81432612, 'first_name': 'Kirill', 'username': 'kkkkk_kkk_kkkkk', 'type': 'private'}, 'date': 1589404439, 'text': 'python'}}
2020-09-21 11:43:46:INFO:[32mengine[0m:[engine.py:post: 33]:Message: {'update_id': 243475549, 'message': {'message_id': 9450, 'from': {'id': 81432612, 'is_bot': False, 'first_name': 'Kirill', 'username': 'kkkkk_kkk_kkkkk', 'language_code': 'ru'}, 'chat': {'id': 81432612, 'first_name': 'Kirill', 'username': 'kkkkk_kkk_kkkkk', 'type': 'private'}, 'date': 1589404439, 'text': 'python'}}
2020-09-21 11:43:47:INFO:[32mengine[0m:[engine.py:post: 33]:Message: {'update_id': 243475549, 'message': {'message_id': 9450, 'from': {'id': 81432612, 'is_bot': False, 'first_name': 'Kirill', 'username': 'kkkkk_kkk_kkkkk', 'language_code': 'ru'}, 'chat': {'id': 81432612, 'first_name': 'Kirill', 'username': 'kkkkk_kkk_kkkkk', 'type': 'private'}, 'date': 1589404439, 'text': 'python'}}
2020-09-21 11:43:48:INFO:[32mengine[0m:[engine.py:post: 33]:Message: {'update_id': 243475549, 'message': {'message_id': 9450, 'from': {'id': 81432612, 'is_bot': False, 'first_name': 'Kirill', 'username': 'kkkkk_kkk_kkkkk', 'language_code': 'ru'}, 'chat': {'id': 81432612, 'first_name': 'Kirill', 'username': 'kkkkk_kkk_kkkkk', 'type': 'private'}, 'date': 1589404439, 'text': 'python'}}
2020-09-21 11:43:49:INFO:[32mengine[0m:[engine.py:post: 33]:Message: {'update_id': 243475549, 'message': {'message_id': 9450, 'from': {'id': 81432612, 'is_bot': False, 'first_name': 'Kirill', 'username': 'kkkkk_kkk_kkkkk', 'language_code': 'ru'}, 'chat': {'id': 81432612, 'first_name': 'Kirill', 'username': 'kkkkk_kkk_kkkkk', 'type': 'private'}, 'date': 1589404439, 'text': 'python'}}
2020-09-21 11:44:06:INFO:[32mengine[0m:[engine.py:post: 33]:Message: {'update_id': 632560263, 'message': {'message_id': 505, 'from': {'id': 710828013, 'is_bot': False, 'first_name': 'Серега', 'language_code': 'ru'}, 'chat': {'id': 710828013, 'first_name': 'Серега', 'type': 'private'}, 'date': 1600629554, 'text': 'Python'}}
2020-09-21 11:44:13:INFO:[32mengine[0m:[engine.py:post: 33]:Message: {'update_id': 632560263, 'message': {'message_id': 505, 'from': {'id': 710828013, 'is_bot': False, 'first_name': 'Серега', 'language_code': 'ru'}, 'chat': {'id': 710828013, 'first_name': 'Серега', 'type': 'private'}, 'date': 1600629554, 'text': 'Python'}}
2020-09-21 11:44:19:INFO:[32mengine[0m:[engine.py:post: 33]:Message: {'update_id': 632560263, 'message': {'message_id': 505, 'from': {'id': 710828013, 'is_bot': False, 'first_name': 'Серега', 'language_code': 'ru'}, 'chat': {'id': 710828013, 'first_name': 'Серега', 'type': 'private'}, 'date': 1600629554, 'text': 'Python'}}
2020-09-21 11:44:21:INFO:[32mengine[0m:[engine.py:post: 33]:Message: {'update_id': 632560263, 'message': {'message_id': 505, 'from': {'id': 710828013, 'is_bot': False, 'first_name': 'Серега', 'language_code': 'ru'}, 'chat': {'id': 710828013, 'first_name': 'Серега', 'type': 'private'}, 'date': 1600629554, 'text': 'Python'}}
2020-09-21 11:44:24:INFO:[32mengine[0m:[engine.py:post: 33]:Message: {'update_id': 632560263, 'message': {'message_id': 505, 'from': {'id': 710828013, 'is_bot': False, 'first_name': 'Серега', 'language_code': 'ru'}, 'chat': {'id': 710828013, 'first_name': 'Серега', 'type': 'private'}, 'date': 1600629554, 'text': 'Python'}}
2020-09-21 11:44:26:INFO:[32mengine[0m:[engine.py:post: 33]:Message: {'update_id': 632560263, 'message': {'message_id': 505, 'from': {'id': 710828013, 'is_bot': False, 'first_name': 'Серега', 'language_code': 'ru'}, 'chat': {'id': 710828013, 'first_name': 'Серега', 'type': 'private'}, 'date': 1600629554, 'text': 'Python'}}
2020-09-21 11:44:27:INFO:[32mengine[0m:[engine.py:post: 33]:Message: {'update_id': 632560263, 'message': {'message_id': 505, 'from': {'id': 710828013, 'is_bot': False, 'first_name': 'Серега', 'language_code': 'ru'}, 'chat': {'id': 710828013, 'first_name': 'Серега', 'type': 'private'}, 'date': 1600629554, 'text': 'Python'}}
2020-09-21 11:44:28:INFO:[32mengine[0m:[engine.py:post: 33]:Message: {'update_id': 632560263, 'message': {'message_id': 505, 'from': {'id': 710828013, 'is_bot': False, 'first_name': 'Серега', 'language_code': 'ru'}, 'chat': {'id': 710828013, 'first_name': 'Серега', 'type': 'private'}, 'date': 1600629554, 'text': 'Python'}}
2020-09-21 11:44:29:INFO:[32mengine[0m:[engine.py:post: 33]:Message: {'update_id': 632560263, 'message': {'message_id': 505, 'from': {'id': 710828013, 'is_bot': False, 'first_name': 'Серега', 'language_code': 'ru'}, 'chat': {'id': 710828013, 'first_name': 'Серега', 'type': 'private'}, 'date': 1600629554, 'text': 'Python'}}
2020-09-21 11:44:31:INFO:[32mengine[0m:[engine.py:post: 33]:Message: {'update_id': 632560263, 'message': {'message_id': 505, 'from': {'id': 710828013, 'is_bot': False, 'first_name': 'Серега', 'language_code': 'ru'}, 'chat': {'id': 710828013, 'first_name': 'Серега', 'type': 'private'}, 'date': 1600629554, 'text': 'Python'}}
2020-09-21 11:44:38:INFO:[32mengine[0m:[engine.py:post: 33]:Message: {'update_id': 632560263, 'message': {'message_id': 505, 'from': {'id': 710828013, 'is_bot': False, 'first_name': 'Серега', 'language_code': 'ru'}, 'chat': {'id': 710828013, 'first_name': 'Серега', 'type': 'private'}, 'date': 1600629554, 'text': 'Нет'}}
2020-09-21 11:44:45:INFO:[32mengine[0m:[engine.py:post: 33]:Message: {'update_id': 632560263, 'message': {'message_id': 505, 'from': {'id': 710828013, 'is_bot': False, 'first_name': 'Серега', 'language_code': 'ru'}, 'chat': {'id': 710828013, 'first_name': 'Серега', 'type': 'private'}, 'date': 1600629554, 'text': 'Привет'}}
2020-09-21 11:44:55:INFO:[32mengine[0m:[engine.py:post: 33]:Message: {'update_id': 632560263, 'message': {'message_id': 505, 'from': {'id': 710828013, 'is_bot': False, 'first_name': 'Серега', 'language_code': 'ru'}, 'chat': {'id': 710828013, 'first_name': 'Серега', 'type': 'private'}, 'date': 1600629554, 'text': 'Java'}}
2020-09-21 11:44:57:INFO:[32mengine[0m:[engine.py:post: 33]:Message: {'update_id': 632560263, 'message': {'message_id': 505, 'from': {'id': 710828013, 'is_bot': False, 'first_name': 'Серега', 'language_code': 'ru'}, 'chat': {'id': 710828013, 'first_name': 'Серега', 'type': 'private'}, 'date': 1600629554, 'text': 'Java'}}
2020-09-21 11:45:10:INFO:[32mengine[0m:[engine.py:post: 33]:Message: {'update_id': 632560263, 'message': {'message_id': 505, 'from': {'id': 710828013, 'is_bot': False, 'first_name': 'Серега', 'language_code': 'ru'}, 'chat': {'id': 710828013, 'first_name': 'Серега', 'type': 'private'}, 'date': 1600629554, 'text': 'Java'}}
2020-09-21 11:45:14:INFO:[32mengine[0m:[engine.py:post: 33]:Message: {'update_id': 632560263, 'message': {'message_id': 505, 'from': {'id': 710828013, 'is_bot': False, 'first_name': 'Серега', 'language_code': 'ru'}, 'chat': {'id': 710828013, 'first_name': 'Серега', 'type': 'private'}, 'date': 1600629554, 'text': 'Java'}}
2020-09-21 11:45:16:INFO:[32mengine[0m:[engine.py:post: 33]:Message: {'update_id': 632560263, 'message': {'message_id': 505, 'from': {'id': 710828013, 'is_bot': False, 'first_name': 'Серега', 'language_code': 'ru'}, 'chat': {'id': 710828013, 'first_name': 'Серега', 'type': 'private'}, 'date': 1600629554, 'text': 'Java'}}
2020-09-21 11:45:18:INFO:[32mengine[0m:[engine.py:post: 33]:Message: {'update_id': 632560263, 'message': {'message_id': 505, 'from': {'id': 710828013, 'is_bot': False, 'first_name': 'Серега', 'language_code': 'ru'}, 'chat': {'id': 710828013, 'first_name': 'Серега', 'type': 'private'}, 'date': 1600629554, 'text': 'Java'}}
2020-09-21 11:45:20:INFO:[32mengine[0m:[engine.py:post: 33]:Message: {'update_id': 632560263, 'message': {'message_id': 505, 'from': {'id': 710828013, 'is_bot': False, 'first_name': 'Серега', 'language_code': 'ru'}, 'chat': {'id': 710828013, 'first_name': 'Серега', 'type': 'private'}, 'date': 1600629554, 'text': 'Java'}}
2020-09-21 11:45:35:INFO:[32mengine[0m:[engine.py:post: 33]:Message: {'update_id': 632560263, 'message': {'message_id': 505, 'from': {'id': 710828013, 'is_bot': False, 'first_name': 'Серега', 'language_code': 'ru'}, 'chat': {'id': 710828013, 'first_name': 'Серега', 'type': 'private'}, 'date': 1600629554, 'text': 'Java'}}
2020-09-21 11:45:42:INFO:[32mengine[0m:[engine.py:post: 33]:Message: {'update_id': 632560263, 'message': {'message_id': 505, 'from': {'id': 710828013, 'is_bot': False, 'first_name': 'Серега', 'language_code': 'ru'}, 'chat': {'id': 710828013, 'first_name': 'Серега', 'type': 'private'}, 'date': 1600629554, 'text': 'Java'}}
2020-09-21 11:45:47:INFO:[32mengine[0m:[engine.py:post: 33]:Message: {'update_id': 632560263, 'message': {'message_id': 505, 'from': {'id': 710828013, 'is_bot': False, 'first_name': 'Серега', 'language_code': 'ru'}, 'chat': {'id': 710828013, 'first_name': 'Серега', 'type': 'private'}, 'date': 1600629554, 'text': 'Java'}}
2020-09-21 11:45:49:INFO:[32mengine[0m:[engine.py:post: 33]:Message: {'update_id': 632560263, 'message': {'message_id': 505, 'from': {'id': 710828013, 'is_bot': False, 'first_name': 'Серега', 'language_code': 'ru'}, 'chat': {'id': 710828013, 'first_name': 'Серега', 'type': 'private'}, 'date': 1600629554, 'text': 'Java'}}
2020-09-21 11:46:08:INFO:[32mengine[0m:[engine.py:post: 33]:Message: {'update_id': 243475549, 'message': {'message_id': 9450, 'from': {'id': 81432612, 'is_bot': False, 'first_name': 'Kirill', 'username': 'kkkkk_kkk_kkkkk', 'language_code': 'ru'}, 'chat': {'id': 81432612, 'first_name': 'Kirill', 'username': 'kkkkk_kkk_kkkkk', 'type': 'private'}, 'date': 1589404439, 'text': 'python'}}
2020-09-21 11:46:12:INFO:[32mengine[0m:[engine.py:post: 33]:Message: {'update_id': 243475549, 'message': {'message_id': 9450, 'from': {'id': 81432612, 'is_bot': False, 'first_name': 'Kirill', 'username': 'kkkkk_kkk_kkkkk', 'language_code': 'ru'}, 'chat': {'id': 81432612, 'first_name': 'Kirill', 'username': 'kkkkk_kkk_kkkkk', 'type': 'private'}, 'date': 1589404439, 'text': 'python'}}
2020-09-21 11:46:14:INFO:[32mengine[0m:[engine.py:post: 33]:Message: {'update_id': 243475549, 'message': {'message_id': 9450, 'from': {'id': 81432612, 'is_bot': False, 'first_name': 'Kirill', 'username': 'kkkkk_kkk_kkkkk', 'language_code': 'ru'}, 'chat': {'id': 81432612, 'first_name': 'Kirill', 'username': 'kkkkk_kkk_kkkkk', 'type': 'private'}, 'date': 1589404439, 'text': 'python'}}
2020-09-21 11:46:16:INFO:[32mengine[0m:[engine.py:post: 33]:Message: {'update_id': 243475549, 'message': {'message_id': 9450, 'from': {'id': 81432612, 'is_bot': False, 'first_name': 'Kirill', 'username': 'kkkkk_kkk_kkkkk', 'language_code': 'ru'}, 'chat': {'id': 81432612, 'first_name': 'Kirill', 'username': 'kkkkk_kkk_kkkkk', 'type': 'private'}, 'date': 1589404439, 'text': 'python'}}
2020-09-21 11:46:17:INFO:[32mengine[0m:[engine.py:post: 33]:Message: {'update_id': 243475549, 'message': {'message_id': 9450, 'from': {'id': 81432612, 'is_bot': False, 'first_name': 'Kirill', 'username': 'kkkkk_kkk_kkkkk', 'language_code': 'ru'}, 'chat': {'id': 81432612, 'first_name': 'Kirill', 'username': 'kkkkk_kkk_kkkkk', 'type': 'private'}, 'date': 1589404439, 'text': 'python'}}
2020-09-21 11:46:19:INFO:[32mengine[0m:[engine.py:post: 33]:Message: {'update_id': 243475549, 'message': {'message_id': 9450, 'from': {'id': 81432612, 'is_bot': False, 'first_name': 'Kirill', 'username': 'kkkkk_kkk_kkkkk', 'language_code': 'ru'}, 'chat': {'id': 81432612, 'first_name': 'Kirill', 'username': 'kkkkk_kkk_kkkkk', 'type': 'private'}, 'date': 1589404439, 'text': 'python'}}
2020-09-21 11:46:25:INFO:[32mengine[0m:[engine.py:post: 33]:Message: {'update_id': 243475549, 'message': {'message_id': 9450, 'from': {'id': 81432612, 'is_bot': False, 'first_name': 'Kirill', 'username': 'kkkkk_kkk_kkkkk', 'language_code': 'ru'}, 'chat': {'id': 81432612, 'first_name': 'Kirill', 'username': 'kkkkk_kkk_kkkkk', 'type': 'private'}, 'date': 1589404439, 'text': 'Нет'}}
2020-09-21 11:46:37:INFO:[32mengine[0m:[engine.py:post: 33]:Message: {'update_id': 243475549, 'message': {'message_id': 9450, 'from': {'id': 81432612, 'is_bot': False, 'first_name': 'Kirill', 'username': 'kkkkk_kkk_kkkkk', 'language_code': 'ru'}, 'chat': {'id': 81432612, 'first_name': 'Kirill', 'username': 'kkkkk_kkk_kkkkk', 'type': 'private'}, 'date': 1589404439, 'text': 'Java'}}
2020-09-21 11:46:40:INFO:[32mengine[0m:[engine.py:post: 33]:Message: {'update_id': 243475549, 'message': {'message_id': 9450, 'from': {'id': 81432612, 'is_bot': False, 'first_name': 'Kirill', 'username': 'kkkkk_kkk_kkkkk', 'language_code': 'ru'}, 'chat': {'id': 81432612, 'first_name': 'Kirill', 'username': 'kkkkk_kkk_kkkkk', 'type': 'private'}, 'date': 1589404439, 'text': 'Java'}}
2020-09-21 11:46:49:INFO:[32mengine[0m:[engine.py:post: 33]:Message: {'update_id': 243475549, 'message': {'message_id': 9450, 'from': {'id': 81432612, 'is_bot': False, 'first_name': 'Kirill', 'username': 'kkkkk_kkk_kkkkk', 'language_code': 'ru'}, 'chat': {'id': 81432612, 'first_name': 'Kirill', 'username': 'kkkkk_kkk_kkkkk', 'type': 'private'}, 'date': 1589404439, 'text': 'Java'}}
2020-09-21 11:46:53:INFO:[32mengine[0m:[engine.py:post: 33]:Message: {'update_id': 243475549, 'message': {'message_id': 9450, 'from': {'id': 81432612, 'is_bot': False, 'first_name': 'Kirill', 'username': 'kkkkk_kkk_kkkkk', 'language_code': 'ru'}, 'chat': {'id': 81432612, 'first_name': 'Kirill', 'username': 'kkkkk_kkk_kkkkk', 'type': 'private'}, 'date': 1589404439, 'text': 'Java'}}
2020-09-21 11:47:00:INFO:[32mengine[0m:[engine.py:post: 33]:Message: {'update_id': 243475549, 'message': {'message_id': 9450, 'from': {'id': 81432612, 'is_bot': False, 'first_name': 'Kirill', 'username': 'kkkkk_kkk_kkkkk', 'language_code': 'ru'}, 'chat': {'id': 81432612, 'first_name': 'Kirill', 'username': 'kkkkk_kkk_kkkkk', 'type': 'private'}, 'date': 1589404439, 'text': 'Java'}}
2020-09-21 11:47:01:INFO:[32mengine[0m:[engine.py:post: 33]:Message: {'update_id': 243475549, 'message': {'message_id': 9450, 'from': {'id': 81432612, 'is_bot': False, 'first_name': 'Kirill', 'username': 'kkkkk_kkk_kkkkk', 'language_code': 'ru'}, 'chat': {'id': 81432612, 'first_name': 'Kirill', 'username': 'kkkkk_kkk_kkkkk', 'type': 'private'}, 'date': 1589404439, 'text': 'Java'}}
2020-09-21 11:47:03:INFO:[32mengine[0m:[engine.py:post: 33]:Message: {'update_id': 243475549, 'message': {'message_id': 9450, 'from': {'id': 81432612, 'is_bot': False, 'first_name': 'Kirill', 'username': 'kkkkk_kkk_kkkkk', 'language_code': 'ru'}, 'chat': {'id': 81432612, 'first_name': 'Kirill', 'username': 'kkkkk_kkk_kkkkk', 'type': 'private'}, 'date': 1589404439, 'text': 'Java'}}
2020-09-21 11:48:03:INFO:[32mengine[0m:[engine.py:post: 33]:Message: {'update_id': 243475549, 'message': {'message_id': 9450, 'from': {'id': 81432612, 'is_bot': False, 'first_name': 'Kirill', 'username': 'kkkkk_kkk_kkkkk', 'language_code': 'ru'}, 'chat': {'id': 81432612, 'first_name': 'Kirill', 'username': 'kkkkk_kkk_kkkkk', 'type': 'private'}, 'date': 1589404439, 'text': 'Java'}}
2020-09-21 11:48:19:INFO:[32mengine[0m:[engine.py:post: 33]:Message: {'update_id': 243475549, 'message': {'message_id': 9450, 'from': {'id': 81432612, 'is_bot': False, 'first_name': 'Kirill', 'username': 'kkkkk_kkk_kkkkk', 'language_code': 'ru'}, 'chat': {'id': 81432612, 'first_name': 'Kirill', 'username': 'kkkkk_kkk_kkkkk', 'type': 'private'}, 'date': 1589404439, 'text': 'java'}}
2020-09-21 11:48:21:INFO:[32mengine[0m:[engine.py:post: 33]:Message: {'update_id': 243475549, 'message': {'message_id': 9450, 'from': {'id': 81432612, 'is_bot': False, 'first_name': 'Kirill', 'username': 'kkkkk_kkk_kkkkk', 'language_code': 'ru'}, 'chat': {'id': 81432612, 'first_name': 'Kirill', 'username': 'kkkkk_kkk_kkkkk', 'type': 'private'}, 'date': 1589404439, 'text': 'java'}}
2020-09-21 11:48:29:INFO:[32mengine[0m:[engine.py:post: 33]:Message: {'update_id': 243475549, 'message': {'message_id': 9450, 'from': {'id': 81432612, 'is_bot': False, 'first_name': 'Kirill', 'username': 'kkkkk_kkk_kkkkk', 'language_code': 'ru'}, 'chat': {'id': 81432612, 'first_name': 'Kirill', 'username': 'kkkkk_kkk_kkkkk', 'type': 'private'}, 'date': 1589404439, 'text': 'java'}}
2020-09-21 11:48:36:INFO:[32mengine[0m:[engine.py:post: 33]:Message: {'update_id': 243475549, 'message': {'message_id': 9450, 'from': {'id': 81432612, 'is_bot': False, 'first_name': 'Kirill', 'username': 'kkkkk_kkk_kkkkk', 'language_code': 'ru'}, 'chat': {'id': 81432612, 'first_name': 'Kirill', 'username': 'kkkkk_kkk_kkkkk', 'type': 'private'}, 'date': 1589404439, 'text': 'java'}}
2020-09-21 11:48:40:INFO:[32mengine[0m:[engine.py:post: 33]:Message: {'update_id': 243475549, 'message': {'message_id': 9450, 'from': {'id': 81432612, 'is_bot': False, 'first_name': 'Kirill', 'username': 'kkkkk_kkk_kkkkk', 'language_code': 'ru'}, 'chat': {'id': 81432612, 'first_name': 'Kirill', 'username': 'kkkkk_kkk_kkkkk', 'type': 'private'}, 'date': 1589404439, 'text': 'java'}}
2020-09-21 11:48:42:INFO:[32mengine[0m:[engine.py:post: 33]:Message: {'update_id': 243475549, 'message': {'message_id': 9450, 'from': {'id': 81432612, 'is_bot': False, 'first_name': 'Kirill', 'username': 'kkkkk_kkk_kkkkk', 'language_code': 'ru'}, 'chat': {'id': 81432612, 'first_name': 'Kirill', 'username': 'kkkkk_kkk_kkkkk', 'type': 'private'}, 'date': 1589404439, 'text': 'java'}}
2020-09-21 11:48:43:INFO:[32mengine[0m:[engine.py:post: 33]:Message: {'update_id': 243475549, 'message': {'message_id': 9450, 'from': {'id': 81432612, 'is_bot': False, 'first_name': 'Kirill', 'username': 'kkkkk_kkk_kkkkk', 'language_code': 'ru'}, 'chat': {'id': 81432612, 'first_name': 'Kirill', 'username': 'kkkkk_kkk_kkkkk', 'type': 'private'}, 'date': 1589404439, 'text': 'java'}}
2020-09-21 11:48:45:INFO:[32mengine[0m:[engine.py:post: 33]:Message: {'update_id': 243475549, 'message': {'message_id': 9450, 'from': {'id': 81432612, 'is_bot': False, 'first_name': 'Kirill', 'username': 'kkkkk_kkk_kkkkk', 'language_code': 'ru'}, 'chat': {'id': 81432612, 'first_name': 'Kirill', 'username': 'kkkkk_kkk_kkkkk', 'type': 'private'}, 'date': 1589404439, 'text': 'java'}}
2020-09-21 11:48:46:INFO:[32mengine[0m:[engine.py:post: 33]:Message: {'update_id': 243475549, 'message': {'message_id': 9450, 'from': {'id': 81432612, 'is_bot': False, 'first_name': 'Kirill', 'username': 'kkkkk_kkk_kkkkk', 'language_code': 'ru'}, 'chat': {'id': 81432612, 'first_name': 'Kirill', 'username': 'kkkkk_kkk_kkkkk', 'type': 'private'}, 'date': 1589404439, 'text': 'java'}}
2020-09-21 11:48:48:INFO:[32mengine[0m:[engine.py:post: 33]:Message: {'update_id': 243475549, 'message': {'message_id': 9450, 'from': {'id': 81432612, 'is_bot': False, 'first_name': 'Kirill', 'username': 'kkkkk_kkk_kkkkk', 'language_code': 'ru'}, 'chat': {'id': 81432612, 'first_name': 'Kirill', 'username': 'kkkkk_kkk_kkkkk', 'type': 'private'}, 'date': 1589404439, 'text': 'java'}}
2020-09-21 11:48:58:INFO:[32mengine[0m:[engine.py:post: 33]:Message: {'update_id': 243475549, 'message': {'message_id': 9450, 'from': {'id': 81432612, 'is_bot': False, 'first_name': 'Kirill', 'username': 'kkkkk_kkk_kkkkk', 'language_code': 'ru'}, 'chat': {'id': 81432612, 'first_name': 'Kirill', 'username': 'kkkkk_kkk_kkkkk', 'type': 'private'}, 'date': 1589404439, 'text': 'java'}}
2020-09-21 11:55:44:INFO:[32mengine[0m:[engine.py:post: 33]:Message: {'update_id': 632560263, 'message': {'message_id': 505, 'from': {'id': 710828013, 'is_bot': False, 'first_name': 'Серега', 'language_code': 'ru'}, 'chat': {'id': 710828013, 'first_name': 'Серега', 'type': 'private'}, 'date': 1600629554, 'text': 'Python'}}
2020-09-21 11:55:46:INFO:[32mengine[0m:[engine.py:post: 33]:Message: {'update_id': 632560263, 'message': {'message_id': 505, 'from': {'id': 710828013, 'is_bot': False, 'first_name': 'Серега', 'language_code': 'ru'}, 'chat': {'id': 710828013, 'first_name': 'Серега', 'type': 'private'}, 'date': 1600629554, 'text': 'Python'}}
2020-09-21 11:55:51:INFO:[32mengine[0m:[engine.py:post: 33]:Message: {'update_id': 632560263, 'message': {'message_id': 505, 'from': {'id': 710828013, 'is_bot': False, 'first_name': 'Серега', 'language_code': 'ru'}, 'chat': {'id': 710828013, 'first_name': 'Серега', 'type': 'private'}, 'date': 1600629554, 'text': 'Python'}}
2020-09-21 11:55:54:INFO:[32mengine[0m:[engine.py:post: 33]:Message: {'update_id': 632560263, 'message': {'message_id': 505, 'from': {'id': 710828013, 'is_bot': False, 'first_name': 'Серега', 'language_code': 'ru'}, 'chat': {'id': 710828013, 'first_name': 'Серега', 'type': 'private'}, 'date': 1600629554, 'text': 'Python'}}
2020-09-21 11:55:59:INFO:[32mengine[0m:[engine.py:post: 33]:Message: {'update_id': 632560263, 'message': {'message_id': 505, 'from': {'id': 710828013, 'is_bot': False, 'first_name': 'Серега', 'language_code': 'ru'}, 'chat': {'id': 710828013, 'first_name': 'Серега', 'type': 'private'}, 'date': 1600629554, 'text': 'Python'}}
2020-09-21 11:56:02:INFO:[32mengine[0m:[engine.py:post: 33]:Message: {'update_id': 632560263, 'message': {'message_id': 505, 'from': {'id': 710828013, 'is_bot': False, 'first_name': 'Серега', 'language_code': 'ru'}, 'chat': {'id': 710828013, 'first_name': 'Серега', 'type': 'private'}, 'date': 1600629554, 'text': 'Python'}}
2020-09-21 11:56:05:INFO:[32mengine[0m:[engine.py:post: 33]:Message: {'update_id': 632560263, 'message': {'message_id': 505, 'from': {'id': 710828013, 'is_bot': False, 'first_name': 'Серега', 'language_code': 'ru'}, 'chat': {'id': 710828013, 'first_name': 'Серега', 'type': 'private'}, 'date': 1600629554, 'text': 'Python'}}
2020-09-21 11:56:10:INFO:[32mengine[0m:[engine.py:post: 33]:Message: {'update_id': 632560263, 'message': {'message_id': 505, 'from': {'id': 710828013, 'is_bot': False, 'first_name': 'Серега', 'language_code': 'ru'}, 'chat': {'id': 710828013, 'first_name': 'Серега', 'type': 'private'}, 'date': 1600629554, 'text': 'Python'}}
2020-09-21 11:56:42:INFO:[32mengine[0m:[engine.py:post: 33]:Message: {'update_id': 243475549, 'message': {'message_id': 9450, 'from': {'id': 81432612, 'is_bot': False, 'first_name': 'Kirill', 'username': 'kkkkk_kkk_kkkkk', 'language_code': 'ru'}, 'chat': {'id': 81432612, 'first_name': 'Kirill', 'username': 'kkkkk_kkk_kkkkk', 'type': 'private'}, 'date': 1589404439, 'text': 'python'}}
2020-09-21 11:56:43:INFO:[32mengine[0m:[engine.py:post: 33]:Message: {'update_id': 243475549, 'message': {'message_id': 9450, 'from': {'id': 81432612, 'is_bot': False, 'first_name': 'Kirill', 'username': 'kkkkk_kkk_kkkkk', 'language_code': 'ru'}, 'chat': {'id': 81432612, 'first_name': 'Kirill', 'username': 'kkkkk_kkk_kkkkk', 'type': 'private'}, 'date': 1589404439, 'text': 'python'}}
2020-09-21 11:56:51:INFO:[32mengine[0m:[engine.py:post: 33]:Message: {'update_id': 243475549, 'message': {'message_id': 9450, 'from': {'id': 81432612, 'is_bot': False, 'first_name': 'Kirill', 'username': 'kkkkk_kkk_kkkkk', 'language_code': 'ru'}, 'chat': {'id': 81432612, 'first_name': 'Kirill', 'username': 'kkkkk_kkk_kkkkk', 'type': 'private'}, 'date': 1589404439, 'text': 'python'}}
2020-09-21 11:58:13:INFO:[32mengine[0m:[engine.py:post: 33]:Message: {'update_id': 632560263, 'message': {'message_id': 505, 'from': {'id': 710828013, 'is_bot': False, 'first_name': 'Серега', 'language_code': 'ru'}, 'chat': {'id': 710828013, 'first_name': 'Серега', 'type': 'private'}, 'date': 1600629554, 'text': 'Java'}}
2020-09-21 11:58:14:INFO:[32mengine[0m:[engine.py:post: 33]:Message: {'update_id': 632560263, 'message': {'message_id': 505, 'from': {'id': 710828013, 'is_bot': False, 'first_name': 'Серега', 'language_code': 'ru'}, 'chat': {'id': 710828013, 'first_name': 'Серега', 'type': 'private'}, 'date': 1600629554, 'text': 'Java'}}
2020-09-21 12:00:40:INFO:[32mengine[0m:[engine.py:post: 33]:Message: {'update_id': 632560263, 'message': {'message_id': 505, 'from': {'id': 710828013, 'is_bot': False, 'first_name': 'Серега', 'language_code': 'ru'}, 'chat': {'id': 710828013, 'first_name': 'Серега', 'type': 'private'}, 'date': 1600629554, 'text': 'Java'}}
2020-09-21 12:00:51:INFO:[32mengine[0m:[engine.py:post: 33]:Message: {'update_id': 632560263, 'message': {'message_id': 505, 'from': {'id': 710828013, 'is_bot': False, 'first_name': 'Серега', 'language_code': 'ru'}, 'chat': {'id': 710828013, 'first_name': 'Серега', 'type': 'private'}, 'date': 1600629554, 'text': 'Java'}}
2020-09-21 12:00:58:INFO:[32mengine[0m:[engine.py:post: 33]:Message: {'update_id': 632560263, 'message': {'message_id': 505, 'from': {'id': 710828013, 'is_bot': False, 'first_name': 'Серега', 'language_code': 'ru'}, 'chat': {'id': 710828013, 'first_name': 'Серега', 'type': 'private'}, 'date': 1600629554, 'text': 'Java'}}
2020-09-21 12:01:05:INFO:[32mengine[0m:[engine.py:post: 33]:Message: {'update_id': 632560263, 'message': {'message_id': 505, 'from': {'id': 710828013, 'is_bot': False, 'first_name': 'Серега', 'language_code': 'ru'}, 'chat': {'id': 710828013, 'first_name': 'Серега', 'type': 'private'}, 'date': 1600629554, 'text': 'Java'}}
2020-09-21 12:01:09:INFO:[32mengine[0m:[engine.py:post: 33]:Message: {'update_id': 632560263, 'message': {'message_id': 505, 'from': {'id': 710828013, 'is_bot': False, 'first_name': 'Серега', 'language_code': 'ru'}, 'chat': {'id': 710828013, 'first_name': 'Серега', 'type': 'private'}, 'date': 1600629554, 'text': 'Java'}}
2020-09-21 12:01:12:INFO:[32mengine[0m:[engine.py:post: 33]:Message: {'update_id': 632560263, 'message': {'message_id': 505, 'from': {'id': 710828013, 'is_bot': False, 'first_name': 'Серега', 'language_code': 'ru'}, 'chat': {'id': 710828013, 'first_name': 'Серега', 'type': 'private'}, 'date': 1600629554, 'text': 'Java'}}
2020-09-21 12:01:30:INFO:[32mengine[0m:[engine.py:post: 33]:Message: {'update_id': 632560263, 'message': {'message_id': 505, 'from': {'id': 710828013, 'is_bot': False, 'first_name': 'Серега', 'language_code': 'ru'}, 'chat': {'id': 710828013, 'first_name': 'Серега', 'type': 'private'}, 'date': 1600629554, 'text': 'Java'}}
2020-09-21 12:01:42:INFO:[32mengine[0m:[engine.py:post: 33]:Message: {'update_id': 632560263, 'message': {'message_id': 505, 'from': {'id': 710828013, 'is_bot': False, 'first_name': 'Серега', 'language_code': 'ru'}, 'chat': {'id': 710828013, 'first_name': 'Серега', 'type': 'private'}, 'date': 1600629554, 'text': 'python'}}
2020-09-21 12:01:45:INFO:[32mengine[0m:[engine.py:post: 33]:Message: {'update_id': 632560263, 'message': {'message_id': 505, 'from': {'id': 710828013, 'is_bot': False, 'first_name': 'Серега', 'language_code': 'ru'}, 'chat': {'id': 710828013, 'first_name': 'Серега', 'type': 'private'}, 'date': 1600629554, 'text': 'python'}}
2020-09-21 12:01:48:INFO:[32mengine[0m:[engine.py:post: 33]:Message: {'update_id': 632560263, 'message': {'message_id': 505, 'from': {'id': 710828013, 'is_bot': False, 'first_name': 'Серега', 'language_code': 'ru'}, 'chat': {'id': 710828013, 'first_name': 'Серега', 'type': 'private'}, 'date': 1600629554, 'text': 'python'}}
2020-09-21 12:01:51:INFO:[32mengine[0m:[engine.py:post: 33]:Message: {'update_id': 632560263, 'message': {'message_id': 505, 'from': {'id': 710828013, 'is_bot': False, 'first_name': 'Серега', 'language_code': 'ru'}, 'chat': {'id': 710828013, 'first_name': 'Серега', 'type': 'private'}, 'date': 1600629554, 'text': 'python'}}
2020-09-21 12:01:55:INFO:[32mengine[0m:[engine.py:post: 33]:Message: {'update_id': 632560263, 'message': {'message_id': 505, 'from': {'id': 710828013, 'is_bot': False, 'first_name': 'Серега', 'language_code': 'ru'}, 'chat': {'id': 710828013, 'first_name': 'Серега', 'type': 'private'}, 'date': 1600629554, 'text': 'python'}}
2020-09-21 12:01:59:INFO:[32mengine[0m:[engine.py:post: 33]:Message: {'update_id': 632560263, 'message': {'message_id': 505, 'from': {'id': 710828013, 'is_bot': False, 'first_name': 'Серега', 'language_code': 'ru'}, 'chat': {'id': 710828013, 'first_name': 'Серега', 'type': 'private'}, 'date': 1600629554, 'text': 'python'}}
2020-09-21 12:02:20:INFO:[32mengine[0m:[engine.py:post: 33]:Message: {'update_id': 243475549, 'message': {'message_id': 9450, 'from': {'id': 81432612, 'is_bot': False, 'first_name': 'Kirill', 'username': 'kkkkk_kkk_kkkkk', 'language_code': 'ru'}, 'chat': {'id': 81432612, 'first_name': 'Kirill', 'username': 'kkkkk_kkk_kkkkk', 'type': 'private'}, 'date': 1589404439, 'text': 'java'}}
2020-09-21 12:02:30:INFO:[32mengine[0m:[engine.py:post: 33]:Message: {'update_id': 243475549, 'message': {'message_id': 9450, 'from': {'id': 81432612, 'is_bot': False, 'first_name': 'Kirill', 'username': 'kkkkk_kkk_kkkkk', 'language_code': 'ru'}, 'chat': {'id': 81432612, 'first_name': 'Kirill', 'username': 'kkkkk_kkk_kkkkk', 'type': 'private'}, 'date': 1589404439, 'text': 'java'}}
2020-09-21 12:02:35:INFO:[32mengine[0m:[engine.py:post: 33]:Message: {'update_id': 243475549, 'message': {'message_id': 9450, 'from': {'id': 81432612, 'is_bot': False, 'first_name': 'Kirill', 'username': 'kkkkk_kkk_kkkkk', 'language_code': 'ru'}, 'chat': {'id': 81432612, 'first_name': 'Kirill', 'username': 'kkkkk_kkk_kkkkk', 'type': 'private'}, 'date': 1589404439, 'text': 'java'}}
2020-09-21 12:02:43:INFO:[32mengine[0m:[engine.py:post: 33]:Message: {'update_id': 243475549, 'message': {'message_id': 9450, 'from': {'id': 81432612, 'is_bot': False, 'first_name': 'Kirill', 'username': 'kkkkk_kkk_kkkkk', 'language_code': 'ru'}, 'chat': {'id': 81432612, 'first_name': 'Kirill', 'username': 'kkkkk_kkk_kkkkk', 'type': 'private'}, 'date': 1589404439, 'text': 'java'}}
2020-09-21 12:02:47:INFO:[32mengine[0m:[engine.py:post: 33]:Message: {'update_id': 243475549, 'message': {'message_id': 9450, 'from': {'id': 81432612, 'is_bot': False, 'first_name': 'Kirill', 'username': 'kkkkk_kkk_kkkkk', 'language_code': 'ru'}, 'chat': {'id': 81432612, 'first_name': 'Kirill', 'username': 'kkkkk_kkk_kkkkk', 'type': 'private'}, 'date': 1589404439, 'text': 'java'}}
2020-09-21 12:02:53:INFO:[32mengine[0m:[engine.py:post: 33]:Message: {'update_id': 243475549, 'message': {'message_id': 9450, 'from': {'id': 81432612, 'is_bot': False, 'first_name': 'Kirill', 'username': 'kkkkk_kkk_kkkkk', 'language_code': 'ru'}, 'chat': {'id': 81432612, 'first_name': 'Kirill', 'username': 'kkkkk_kkk_kkkkk', 'type': 'private'}, 'date': 1589404439, 'text': 'java'}}
2020-09-21 12:03:00:INFO:[32mengine[0m:[engine.py:post: 33]:Message: {'update_id': 243475549, 'message': {'message_id': 9450, 'from': {'id': 81432612, 'is_bot': False, 'first_name': 'Kirill', 'username': 'kkkkk_kkk_kkkkk', 'language_code': 'ru'}, 'chat': {'id': 81432612, 'first_name': 'Kirill', 'username': 'kkkkk_kkk_kkkkk', 'type': 'private'}, 'date': 1589404439, 'text': 'java'}}
2020-09-21 12:03:05:INFO:[32mengine[0m:[engine.py:post: 33]:Message: {'update_id': 243475549, 'message': {'message_id': 9450, 'from': {'id': 81432612, 'is_bot': False, 'first_name': 'Kirill', 'username': 'kkkkk_kkk_kkkkk', 'language_code': 'ru'}, 'chat': {'id': 81432612, 'first_name': 'Kirill', 'username': 'kkkkk_kkk_kkkkk', 'type': 'private'}, 'date': 1589404439, 'text': 'java'}}
2020-09-21 12:03:09:INFO:[32mengine[0m:[engine.py:post: 33]:Message: {'update_id': 243475549, 'message': {'message_id': 9450, 'from': {'id': 81432612, 'is_bot': False, 'first_name': 'Kirill', 'username': 'kkkkk_kkk_kkkkk', 'language_code': 'ru'}, 'chat': {'id': 81432612, 'first_name': 'Kirill', 'username': 'kkkkk_kkk_kkkkk', 'type': 'private'}, 'date': 1589404439, 'text': 'java'}}
2020-09-21 12:03:22:INFO:[32mengine[0m:[engine.py:post: 33]:Message: {'update_id': 243475549, 'message': {'message_id': 9450, 'from': {'id': 81432612, 'is_bot': False, 'first_name': 'Kirill', 'username': 'kkkkk_kkk_kkkkk', 'language_code': 'ru'}, 'chat': {'id': 81432612, 'first_name': 'Kirill', 'username': 'kkkkk_kkk_kkkkk', 'type': 'private'}, 'date': 1589404439, 'text': 'java'}}
2020-09-21 12:03:25:INFO:[32mengine[0m:[engine.py:post: 33]:Message: {'update_id': 243475549, 'message': {'message_id': 9450, 'from': {'id': 81432612, 'is_bot': False, 'first_name': 'Kirill', 'username': 'kkkkk_kkk_kkkkk', 'language_code': 'ru'}, 'chat': {'id': 81432612, 'first_name': 'Kirill', 'username': 'kkkkk_kkk_kkkkk', 'type': 'private'}, 'date': 1589404439, 'text': 'java'}}
2020-09-21 12:09:30:INFO:[32mengine[0m:[engine.py:post: 33]:Message: {'update_id': 243475549, 'message': {'message_id': 9450, 'from': {'id': 81432612, 'is_bot': False, 'first_name': 'Kirill', 'username': 'kkkkk_kkk_kkkkk', 'language_code': 'ru'}, 'chat': {'id': 81432612, 'first_name': 'Kirill', 'username': 'kkkkk_kkk_kkkkk', 'type': 'private'}, 'date': 1589404439, 'text': 'java'}}
2020-09-21 12:09:44:INFO:[32mengine[0m:[engine.py:post: 33]:Message: {'update_id': 243475549, 'message': {'message_id': 9450, 'from': {'id': 81432612, 'is_bot': False, 'first_name': 'Kirill', 'username': 'kkkkk_kkk_kkkkk', 'language_code': 'ru'}, 'chat': {'id': 81432612, 'first_name': 'Kirill', 'username': 'kkkkk_kkk_kkkkk', 'type': 'private'}, 'date': 1589404439, 'text': 'java'}}
2020-09-21 12:10:16:INFO:[32mengine[0m:[engine.py:post: 33]:Message: {'update_id': 243475549, 'message': {'message_id': 9450, 'from': {'id': 81432612, 'is_bot': False, 'first_name': 'Kirill', 'username': 'kkkkk_kkk_kkkkk', 'language_code': 'ru'}, 'chat': {'id': 81432612, 'first_name': 'Kirill', 'username': 'kkkkk_kkk_kkkkk', 'type': 'private'}, 'date': 1589404439, 'text': 'java'}}
2020-09-21 12:10:19:INFO:[32mengine[0m:[engine.py:post: 33]:Message: {'update_id': 243475549, 'message': {'message_id': 9450, 'from': {'id': 81432612, 'is_bot': False, 'first_name': 'Kirill', 'username': 'kkkkk_kkk_kkkkk', 'language_code': 'ru'}, 'chat': {'id': 81432612, 'first_name': 'Kirill', 'username': 'kkkkk_kkk_kkkkk', 'type': 'private'}, 'date': 1589404439, 'text': 'java'}}
2020-09-21 12:10:28:INFO:[32mengine[0m:[engine.py:post: 33]:Message: {'update_id': 243475549, 'message': {'message_id': 9450, 'from': {'id': 81432612, 'is_bot': False, 'first_name': 'Kirill', 'username': 'kkkkk_kkk_kkkkk', 'language_code': 'ru'}, 'chat': {'id': 81432612, 'first_name': 'Kirill', 'username': 'kkkkk_kkk_kkkkk', 'type': 'private'}, 'date': 1589404439, 'text': 'java'}}
2020-09-21 12:10:31:INFO:[32mengine[0m:[engine.py:post: 33]:Message: {'update_id': 243475549, 'message': {'message_id': 9450, 'from': {'id': 81432612, 'is_bot': False, 'first_name': 'Kirill', 'username': 'kkkkk_kkk_kkkkk', 'language_code': 'ru'}, 'chat': {'id': 81432612, 'first_name': 'Kirill', 'username': 'kkkkk_kkk_kkkkk', 'type': 'private'}, 'date': 1589404439, 'text': 'java'}}
2020-09-21 12:10:42:INFO:[32mengine[0m:[engine.py:post: 33]:Message: {'update_id': 243475549, 'message': {'message_id': 9450, 'from': {'id': 81432612, 'is_bot': False, 'first_name': 'Kirill', 'username': 'kkkkk_kkk_kkkkk', 'language_code': 'ru'}, 'chat': {'id': 81432612, 'first_name': 'Kirill', 'username': 'kkkkk_kkk_kkkkk', 'type': 'private'}, 'date': 1589404439, 'text': 'java'}}
2020-09-21 12:12:10:INFO:[32mengine[0m:[engine.py:post: 33]:Message: {'update_id': 632560263, 'message': {'message_id': 505, 'from': {'id': 710828013, 'is_bot': False, 'first_name': 'Серега', 'language_code': 'ru'}, 'chat': {'id': 710828013, 'first_name': 'Серега', 'type': 'private'}, 'date': 1600629554, 'text': 'Python'}}
2020-09-21 12:12:11:INFO:[32mengine[0m:[engine.py:post: 33]:Message: {'update_id': 632560263, 'message': {'message_id': 505, 'from': {'id': 710828013, 'is_bot': False, 'first_name': 'Серега', 'language_code': 'ru'}, 'chat': {'id': 710828013, 'first_name': 'Серега', 'type': 'private'}, 'date': 1600629554, 'text': 'Python'}}
2020-09-21 12:12:16:INFO:[32mengine[0m:[engine.py:post: 33]:Message: {'update_id': 632560263, 'message': {'message_id': 505, 'from': {'id': 710828013, 'is_bot': False, 'first_name': 'Серега', 'language_code': 'ru'}, 'chat': {'id': 710828013, 'first_name': 'Серега', 'type': 'private'}, 'date': 1600629554, 'text': 'Python'}}
2020-09-21 12:12:17:INFO:[32mengine[0m:[engine.py:post: 33]:Message: {'update_id': 632560263, 'message': {'message_id': 505, 'from': {'id': 710828013, 'is_bot': False, 'first_name': 'Серега', 'language_code': 'ru'}, 'chat': {'id': 710828013, 'first_name': 'Серега', 'type': 'private'}, 'date': 1600629554, 'text': 'Python'}}
2020-09-21 12:12:19:INFO:[32mengine[0m:[engine.py:post: 33]:Message: {'update_id': 632560263, 'message': {'message_id': 505, 'from': {'id': 710828013, 'is_bot': False, 'first_name': 'Серега', 'language_code': 'ru'}, 'chat': {'id': 710828013, 'first_name': 'Серега', 'type': 'private'}, 'date': 1600629554, 'text': 'Python'}}
2020-09-21 12:12:20:INFO:[32mengine[0m:[engine.py:post: 33]:Message: {'update_id': 632560263, 'message': {'message_id': 505, 'from': {'id': 710828013, 'is_bot': False, 'first_name': 'Серега', 'language_code': 'ru'}, 'chat': {'id': 710828013, 'first_name': 'Серега', 'type': 'private'}, 'date': 1600629554, 'text': 'Python'}}
2020-09-21 12:12:22:INFO:[32mengine[0m:[engine.py:post: 33]:Message: {'update_id': 632560263, 'message': {'message_id': 505, 'from': {'id': 710828013, 'is_bot': False, 'first_name': 'Серега', 'language_code': 'ru'}, 'chat': {'id': 710828013, 'first_name': 'Серега', 'type': 'private'}, 'date': 1600629554, 'text': 'Python'}}
2020-09-21 12:12:23:INFO:[32mengine[0m:[engine.py:post: 33]:Message: {'update_id': 632560263, 'message': {'message_id': 505, 'from': {'id': 710828013, 'is_bot': False, 'first_name': 'Серега', 'language_code': 'ru'}, 'chat': {'id': 710828013, 'first_name': 'Серега', 'type': 'private'}, 'date': 1600629554, 'text': 'Python'}}
2020-09-21 12:12:51:INFO:[32mengine[0m:[engine.py:post: 33]:Message: {'update_id': 243475549, 'message': {'message_id': 9450, 'from': {'id': 81432612, 'is_bot': False, 'first_name': 'Kirill', 'username': 'kkkkk_kkk_kkkkk', 'language_code': 'ru'}, 'chat': {'id': 81432612, 'first_name': 'Kirill', 'username': 'kkkkk_kkk_kkkkk', 'type': 'private'}, 'date': 1589404439, 'text': 'java'}}
2020-09-21 12:12:52:INFO:[32mengine[0m:[engine.py:post: 33]:Message: {'update_id': 243475549, 'message': {'message_id': 9450, 'from': {'id': 81432612, 'is_bot': False, 'first_name': 'Kirill', 'username': 'kkkkk_kkk_kkkkk', 'language_code': 'ru'}, 'chat': {'id': 81432612, 'first_name': 'Kirill', 'username': 'kkkkk_kkk_kkkkk', 'type': 'private'}, 'date': 1589404439, 'text': 'java'}}
2020-09-21 12:12:55:INFO:[32mengine[0m:[engine.py:post: 33]:Message: {'update_id': 243475549, 'message': {'message_id': 9450, 'from': {'id': 81432612, 'is_bot': False, 'first_name': 'Kirill', 'username': 'kkkkk_kkk_kkkkk', 'language_code': 'ru'}, 'chat': {'id': 81432612, 'first_name': 'Kirill', 'username': 'kkkkk_kkk_kkkkk', 'type': 'private'}, 'date': 1589404439, 'text': 'java'}}
2020-09-21 12:12:57:INFO:[32mengine[0m:[engine.py:post: 33]:Message: {'update_id': 243475549, 'message': {'message_id': 9450, 'from': {'id': 81432612, 'is_bot': False, 'first_name': 'Kirill', 'username': 'kkkkk_kkk_kkkkk', 'language_code': 'ru'}, 'chat': {'id': 81432612, 'first_name': 'Kirill', 'username': 'kkkkk_kkk_kkkkk', 'type': 'private'}, 'date': 1589404439, 'text': 'java'}}
2020-09-21 12:12:58:INFO:[32mengine[0m:[engine.py:post: 33]:Message: {'update_id': 243475549, 'message': {'message_id': 9450, 'from': {'id': 81432612, 'is_bot': False, 'first_name': 'Kirill', 'username': 'kkkkk_kkk_kkkkk', 'language_code': 'ru'}, 'chat': {'id': 81432612, 'first_name': 'Kirill', 'username': 'kkkkk_kkk_kkkkk', 'type': 'private'}, 'date': 1589404439, 'text': 'java'}}
2020-09-21 12:13:00:INFO:[32mengine[0m:[engine.py:post: 33]:Message: {'update_id': 243475549, 'message': {'message_id': 9450, 'from': {'id': 81432612, 'is_bot': False, 'first_name': 'Kirill', 'username': 'kkkkk_kkk_kkkkk', 'language_code': 'ru'}, 'chat': {'id': 81432612, 'first_name': 'Kirill', 'username': 'kkkkk_kkk_kkkkk', 'type': 'private'}, 'date': 1589404439, 'text': 'java'}}
2020-09-21 12:13:02:INFO:[32mengine[0m:[engine.py:post: 33]:Message: {'update_id': 243475549, 'message': {'message_id': 9450, 'from': {'id': 81432612, 'is_bot': False, 'first_name': 'Kirill', 'username': 'kkkkk_kkk_kkkkk', 'language_code': 'ru'}, 'chat': {'id': 81432612, 'first_name': 'Kirill', 'username': 'kkkkk_kkk_kkkkk', 'type': 'private'}, 'date': 1589404439, 'text': 'java'}}
2020-09-21 12:13:04:INFO:[32mengine[0m:[engine.py:post: 33]:Message: {'update_id': 243475549, 'message': {'message_id': 9450, 'from': {'id': 81432612, 'is_bot': False, 'first_name': 'Kirill', 'username': 'kkkkk_kkk_kkkkk', 'language_code': 'ru'}, 'chat': {'id': 81432612, 'first_name': 'Kirill', 'username': 'kkkkk_kkk_kkkkk', 'type': 'private'}, 'date': 1589404439, 'text': 'java'}}
2020-09-21 12:13:05:INFO:[32mengine[0m:[engine.py:post: 33]:Message: {'update_id': 243475549, 'message': {'message_id': 9450, 'from': {'id': 81432612, 'is_bot': False, 'first_name': 'Kirill', 'username': 'kkkkk_kkk_kkkkk', 'language_code': 'ru'}, 'chat': {'id': 81432612, 'first_name': 'Kirill', 'username': 'kkkkk_kkk_kkkkk', 'type': 'private'}, 'date': 1589404439, 'text': 'java'}}
2020-09-21 12:13:07:INFO:[32mengine[0m:[engine.py:post: 33]:Message: {'update_id': 243475549, 'message': {'message_id': 9450, 'from': {'id': 81432612, 'is_bot': False, 'first_name': 'Kirill', 'username': 'kkkkk_kkk_kkkkk', 'language_code': 'ru'}, 'chat': {'id': 81432612, 'first_name': 'Kirill', 'username': 'kkkkk_kkk_kkkkk', 'type': 'private'}, 'date': 1589404439, 'text': 'java'}}
2020-09-21 12:51:01:INFO:[32mengine[0m:[engine.py:post: 33]:Message: {'update_id': 243475549, 'message': {'message_id': 9450, 'from': {'id': 81432612, 'is_bot': False, 'first_name': 'Kirill', 'username': 'kkkkk_kkk_kkkkk', 'language_code': 'ru'}, 'chat': {'id': 81432612, 'first_name': 'Kirill', 'username': 'kkkkk_kkk_kkkkk', 'type': 'private'}, 'date': 1589404439, 'text': 'java'}}
2020-09-21 18:37:48:INFO:[32mengine[0m:[engine.py:post: 33]:Message: {'update_id': 632560263, 'message': {'message_id': 505, 'from': {'id': 710828013, 'is_bot': False, 'first_name': 'Серега', 'language_code': 'ru'}, 'chat': {'id': 710828013, 'first_name': 'Серега', 'type': 'private'}, 'date': 1600629554, 'text': 'Python'}}
2020-09-21 18:37:57:INFO:[32mengine[0m:[engine.py:post: 33]:Message: {'update_id': 632560263, 'message': {'message_id': 505, 'from': {'id': 710828013, 'is_bot': False, 'first_name': 'Серега', 'language_code': 'ru'}, 'chat': {'id': 710828013, 'first_name': 'Серега', 'type': 'private'}, 'date': 1600629554, 'text': 'Python'}}
